<?xml version="1.0" encoding="UTF-8"?>
<!-- Generated by org.testng.reporters.JUnitReportReporter -->
<testsuite hostname="sadia-P55VA" failures="0" tests="2" name="Fulll.End2EndProject.HomePage" time="49.469" errors="0" timestamp="2020-12-28T22:52:19 CET" skipped="0">
  <testcase classname="Fulll.End2EndProject.HomePage" name="basePageNavigation" time="26.850"/>
  <system-out/>
  <testcase classname="Fulll.End2EndProject.HomePage" name="basePageNavigation" time="22.619"/>
  <system-out/>
</testsuite> <!-- Fulll.End2EndProject.HomePage -->
