<?xml version="1.0" encoding="UTF-8"?>
<!-- Generated by org.testng.reporters.JUnitReportReporter -->
<testsuite hostname="sadia-P55VA" failures="0" tests="1" name="Fulll.End2EndProject.AppTest" time="0.005" errors="0" timestamp="2020-12-26T00:23:24 CET" skipped="0">
  <testcase classname="Fulll.End2EndProject.AppTest" name="shouldAnswerWithTrue" time="0.005"/>
  <system-out/>
</testsuite> <!-- Fulll.End2EndProject.AppTest -->
