<?xml version="1.0" encoding="UTF-8"?>
<!-- Generated by org.testng.reporters.JUnitReportReporter -->
<testsuite hostname="sadia-P55VA" failures="0" tests="1" name="Fulll.End2EndProject.ValidateTitle" time="15.499" errors="0" timestamp="2020-12-28T22:52:19 CET" skipped="0">
  <testcase classname="Fulll.End2EndProject.ValidateTitle" name="ValidateApptitle" time="15.499"/>
  <system-out/>
</testsuite> <!-- Fulll.End2EndProject.ValidateTitle -->
