<?xml version="1.0" encoding="UTF-8"?>
<!-- Generated by org.testng.reporters.JUnitReportReporter -->
<testsuite hostname="sadia-P55VA" failures="0" tests="2" name="Fulll.End2EndProject.HomePage" time="113.180" errors="0" timestamp="2020-12-26T23:24:07 CET" skipped="0">
  <testcase classname="Fulll.End2EndProject.HomePage" name="basePageNavigation" time="50.936"/>
  <system-out/>
  <testcase classname="Fulll.End2EndProject.HomePage" name="basePageNavigation" time="62.244"/>
  <system-out/>
</testsuite> <!-- Fulll.End2EndProject.HomePage -->
