<?xml version="1.0" encoding="UTF-8"?>
<!-- Generated by org.testng.reporters.JUnitReportReporter -->
<testsuite hostname="sadia-P55VA" failures="0" tests="1" name="Fulll.End2EndProject.ValidateTitle" time="21.312" errors="0" timestamp="2020-12-26T23:24:07 CET" skipped="0">
  <testcase classname="Fulll.End2EndProject.ValidateTitle" name="ValidateApptitle" time="21.312"/>
  <system-out/>
</testsuite> <!-- Fulll.End2EndProject.ValidateTitle -->
